2026-02-18 17:25:00.371 [INFO ] [org.openhab.core.Activator          ] - Starting openHAB 5.1.2 (Release Build)
2026-02-18 17:25:00.864 [INFO ] [.core.internal.i18n.I18nProviderImpl] - Time zone set to 'Atlantic/Cape_Verde'.
2026-02-18 17:25:00.865 [INFO ] [.core.internal.i18n.I18nProviderImpl] - Locale set to 'uk_NO'.
2026-02-18 17:25:02.041 [WARN ] [.transport.servlet.ServletController] - Can't find the request for http://localhost:8080/rest/events/states's Observer 
2026-02-18 17:25:03.681 [WARN ] [.transport.servlet.ServletController] - Can't find the request for http://localhost:8080/rest/events/states's Observer 
2026-02-18 17:25:07.897 [INFO ] [el.core.internal.ModelRepositoryImpl] - Loading DSL model 'smartgrid.items'
2026-02-18 17:25:08.715 [INFO ] [el.core.internal.ModelRepositoryImpl] - Loading DSL model 'grid.sitemap'
2026-02-18 17:25:09.515 [WARN ] [ity.CommunityMarketplaceAddonService] - Unable to retrieve marketplace add-ons: java.lang.IllegalStateException: Expected a string but was BEGIN_OBJECT at line 1 column 22806 path $.topic_list.topics[1].tags[0]
See https://github.com/google/gson/blob/main/Troubleshooting.md#unexpected-json-structure
2026-02-18 17:25:11.124 [INFO ] [.core.model.lsp.internal.ModelServer] - Started Language Server Protocol (LSP) service on port 5007
2026-02-18 17:25:22.058 [WARN ] [influxdb.internal.AbstractRestClient] - Ping request wasn't successful
java.net.UnknownHostException: influxdb: No address associated with hostname
	at java.net.Inet6AddressImpl.lookupAllHostAddr(Native Method) ~[?:?]
	at java.net.Inet6AddressImpl.lookupAllHostAddr(Inet6AddressImpl.java:52) ~[?:?]
	at java.net.InetAddress$PlatformResolver.lookupByName(InetAddress.java:1211) ~[?:?]
	at java.net.InetAddress.getAddressesFromNameService(InetAddress.java:1828) ~[?:?]
	at java.net.InetAddress$NameServiceAddresses.get(InetAddress.java:1139) ~[?:?]
	at java.net.InetAddress.getAllByName0(InetAddress.java:1818) ~[?:?]
	at java.net.InetAddress.getAllByName(InetAddress.java:1688) ~[?:?]
	at okhttp3.Dns$Companion$DnsSystem.lookup(Dns.kt:49) ~[?:?]
	at okhttp3.internal.connection.RouteSelector.resetNextInetSocketAddress(RouteSelector.kt:169) ~[?:?]
	at okhttp3.internal.connection.RouteSelector.nextProxy(RouteSelector.kt:131) ~[?:?]
	at okhttp3.internal.connection.RouteSelector.next(RouteSelector.kt:73) ~[?:?]
	at okhttp3.internal.connection.ExchangeFinder.findConnection(ExchangeFinder.kt:205) ~[?:?]
	at okhttp3.internal.connection.ExchangeFinder.findHealthyConnection(ExchangeFinder.kt:106) ~[?:?]
	at okhttp3.internal.connection.ExchangeFinder.find(ExchangeFinder.kt:74) ~[?:?]
	at okhttp3.internal.connection.RealCall.initExchange$okhttp(RealCall.kt:255) ~[?:?]
	at okhttp3.internal.connection.ConnectInterceptor.intercept(ConnectInterceptor.kt:32) ~[?:?]
	at okhttp3.internal.http.RealInterceptorChain.proceed(RealInterceptorChain.kt:109) ~[?:?]
	at okhttp3.internal.cache.CacheInterceptor.intercept(CacheInterceptor.kt:95) ~[?:?]
	at okhttp3.internal.http.RealInterceptorChain.proceed(RealInterceptorChain.kt:109) ~[?:?]
	at okhttp3.internal.http.BridgeInterceptor.intercept(BridgeInterceptor.kt:83) ~[?:?]
	at okhttp3.internal.http.RealInterceptorChain.proceed(RealInterceptorChain.kt:109) ~[?:?]
	at okhttp3.internal.http.RetryAndFollowUpInterceptor.intercept(RetryAndFollowUpInterceptor.kt:76) ~[?:?]
	at okhttp3.internal.http.RealInterceptorChain.proceed(RealInterceptorChain.kt:109) ~[?:?]
	at com.influxdb.client.internal.GzipInterceptor.intercept(GzipInterceptor.java:91) ~[?:?]
	at okhttp3.internal.http.RealInterceptorChain.proceed(RealInterceptorChain.kt:109) ~[?:?]
	at okhttp3.logging.HttpLoggingInterceptor.intercept(HttpLoggingInterceptor.kt:154) ~[?:?]
	at okhttp3.internal.http.RealInterceptorChain.proceed(RealInterceptorChain.kt:109) ~[?:?]
	at com.influxdb.client.internal.AuthenticateInterceptor.intercept(AuthenticateInterceptor.java:103) ~[?:?]
	at okhttp3.internal.http.RealInterceptorChain.proceed(RealInterceptorChain.kt:109) ~[?:?]
	at com.influxdb.internal.UserAgentInterceptor.intercept(UserAgentInterceptor.java:60) ~[?:?]
	at okhttp3.internal.http.RealInterceptorChain.proceed(RealInterceptorChain.kt:109) ~[?:?]
	at okhttp3.internal.connection.RealCall.getResponseWithInterceptorChain$okhttp(RealCall.kt:201) ~[?:?]
	at okhttp3.internal.connection.RealCall.execute(RealCall.kt:154) ~[?:?]
	at retrofit2.OkHttpCall.execute(OkHttpCall.java:207) ~[?:?]
	at com.influxdb.internal.AbstractRestClient.ping(AbstractRestClient.java:194) ~[?:?]
	at com.influxdb.client.internal.InfluxDBClientImpl.ping(InfluxDBClientImpl.java:277) ~[?:?]
	at org.openhab.persistence.influxdb.internal.influx2.InfluxDB2RepositoryImpl.connect(InfluxDB2RepositoryImpl.java:102) ~[?:?]
	at org.openhab.persistence.influxdb.InfluxDBPersistenceService.<init>(InfluxDBPersistenceService.java:127) ~[?:?]
	at jdk.internal.reflect.DirectConstructorHandleAccessor.newInstance(DirectConstructorHandleAccessor.java:62) ~[?:?]
	at java.lang.reflect.Constructor.newInstanceWithCaller(Constructor.java:502) ~[?:?]
	at java.lang.reflect.Constructor.newInstance(Constructor.java:486) ~[?:?]
	at org.apache.felix.scr.impl.inject.internal.ComponentConstructorImpl.newInstance(ComponentConstructorImpl.java:326) ~[?:?]
	at org.apache.felix.scr.impl.manager.SingleComponentManager.createImplementationObject(SingleComponentManager.java:286) ~[?:?]
	at org.apache.felix.scr.impl.manager.SingleComponentManager.createComponent(SingleComponentManager.java:115) ~[?:?]
	at org.apache.felix.scr.impl.manager.SingleComponentManager.getService(SingleComponentManager.java:1002) ~[?:?]
	at org.apache.felix.scr.impl.manager.SingleComponentManager.getServiceInternal(SingleComponentManager.java:975) ~[?:?]
	at org.apache.felix.scr.impl.manager.SingleComponentManager.getService(SingleComponentManager.java:920) ~[?:?]
	at org.eclipse.osgi.internal.serviceregistry.ServiceFactoryUse$1.run(ServiceFactoryUse.java:220) ~[org.eclipse.osgi-3.18.0.jar:?]
	at java.security.AccessController.doPrivileged(AccessController.java:319) [?:?]
	at org.eclipse.osgi.internal.serviceregistry.ServiceFactoryUse.factoryGetService(ServiceFactoryUse.java:217) [org.eclipse.osgi-3.18.0.jar:?]
	at org.eclipse.osgi.internal.serviceregistry.ServiceFactoryUse.getService(ServiceFactoryUse.java:118) [org.eclipse.osgi-3.18.0.jar:?]
	at org.eclipse.osgi.internal.serviceregistry.ServiceConsumer$2.getService(ServiceConsumer.java:48) [org.eclipse.osgi-3.18.0.jar:?]
	at org.eclipse.osgi.internal.serviceregistry.ServiceRegistrationImpl.getService(ServiceRegistrationImpl.java:547) [org.eclipse.osgi-3.18.0.jar:?]
	at org.eclipse.osgi.internal.serviceregistry.ServiceRegistry.getService(ServiceRegistry.java:534) [org.eclipse.osgi-3.18.0.jar:?]
	at org.eclipse.osgi.internal.framework.BundleContextImpl.getService(BundleContextImpl.java:660) [org.eclipse.osgi-3.18.0.jar:?]
	at org.apache.felix.scr.impl.manager.SingleRefPair.getServiceObject(SingleRefPair.java:88) [bundleFile:?]
	at org.apache.felix.scr.impl.inject.methods.BindMethod.getServiceObject(BindMethod.java:675) [bundleFile:?]
	at org.apache.felix.scr.impl.manager.DependencyManager.getServiceObject(DependencyManager.java:2612) [bundleFile:?]
	at org.apache.felix.scr.impl.manager.DependencyManager.doInvokeBindMethod(DependencyManager.java:2078) [bundleFile:?]
	at org.apache.felix.scr.impl.manager.DependencyManager.invokeBindMethod(DependencyManager.java:2061) [bundleFile:?]
	at org.apache.felix.scr.impl.manager.SingleComponentManager.invokeBindMethod(SingleComponentManager.java:443) [bundleFile:?]
	at org.apache.felix.scr.impl.manager.DependencyManager$MultipleDynamicCustomizer.addedService(DependencyManager.java:336) [bundleFile:?]
	at org.apache.felix.scr.impl.manager.DependencyManager$MultipleDynamicCustomizer.addedService(DependencyManager.java:304) [bundleFile:?]
	at org.apache.felix.scr.impl.manager.ServiceTracker$Tracked.customizerAdded(ServiceTracker.java:1232) [bundleFile:?]
	at org.apache.felix.scr.impl.manager.ServiceTracker$Tracked.customizerAdded(ServiceTracker.java:1152) [bundleFile:?]
	at org.apache.felix.scr.impl.manager.ServiceTracker$AbstractTracked.trackAdding(ServiceTracker.java:959) [bundleFile:?]
	at org.apache.felix.scr.impl.manager.ServiceTracker$AbstractTracked.track(ServiceTracker.java:895) [bundleFile:?]
	at org.apache.felix.scr.impl.manager.ServiceTracker$Tracked.serviceChanged(ServiceTracker.java:1184) [bundleFile:?]
	at org.apache.felix.scr.impl.BundleComponentActivator$ListenerInfo.serviceChanged(BundleComponentActivator.java:116) [bundleFile:?]
	at org.eclipse.osgi.internal.serviceregistry.FilteredServiceListener.serviceChanged(FilteredServiceListener.java:123) [org.eclipse.osgi-3.18.0.jar:?]
	at org.eclipse.osgi.internal.framework.BundleContextImpl.dispatchEvent(BundleContextImpl.java:961) [org.eclipse.osgi-3.18.0.jar:?]
	at org.eclipse.osgi.framework.eventmgr.EventManager.dispatchEvent(EventManager.java:234) [org.eclipse.osgi-3.18.0.jar:?]
	at org.eclipse.osgi.framework.eventmgr.ListenerQueue.dispatchEventSynchronous(ListenerQueue.java:151) [org.eclipse.osgi-3.18.0.jar:?]
	at org.eclipse.osgi.internal.serviceregistry.ServiceRegistry.publishServiceEventPrivileged(ServiceRegistry.java:937) [org.eclipse.osgi-3.18.0.jar:?]
	at org.eclipse.osgi.internal.serviceregistry.ServiceRegistry.publishServiceEvent(ServiceRegistry.java:874) [org.eclipse.osgi-3.18.0.jar:?]
	at org.eclipse.osgi.internal.serviceregistry.ServiceRegistrationImpl.register(ServiceRegistrationImpl.java:141) [org.eclipse.osgi-3.18.0.jar:?]
	at org.eclipse.osgi.internal.serviceregistry.ServiceRegistry.registerService(ServiceRegistry.java:262) [org.eclipse.osgi-3.18.0.jar:?]
	at org.eclipse.osgi.internal.framework.BundleContextImpl.registerService(BundleContextImpl.java:500) [org.eclipse.osgi-3.18.0.jar:?]
	at org.apache.felix.scr.impl.manager.AbstractComponentManager$3.register(AbstractComponentManager.java:929) [bundleFile:?]
	at org.apache.felix.scr.impl.manager.AbstractComponentManager$3.register(AbstractComponentManager.java:915) [bundleFile:?]
	at org.apache.felix.scr.impl.manager.RegistrationManager.changeRegistration(RegistrationManager.java:133) [bundleFile:?]
	at org.apache.felix.scr.impl.manager.AbstractComponentManager.registerService(AbstractComponentManager.java:984) [bundleFile:?]
	at org.apache.felix.scr.impl.manager.AbstractComponentManager.activateInternal(AbstractComponentManager.java:752) [bundleFile:?]
	at org.apache.felix.scr.impl.manager.DependencyManager$SingleStaticCustomizer.addedService(DependencyManager.java:1274) [bundleFile:?]
	at org.apache.felix.scr.impl.manager.DependencyManager$SingleStaticCustomizer.addedService(DependencyManager.java:1225) [bundleFile:?]
	at org.apache.felix.scr.impl.manager.ServiceTracker$Tracked.customizerAdded(ServiceTracker.java:1232) [bundleFile:?]
	at org.apache.felix.scr.impl.manager.ServiceTracker$Tracked.customizerAdded(ServiceTracker.java:1152) [bundleFile:?]
	at org.apache.felix.scr.impl.manager.ServiceTracker$AbstractTracked.trackAdding(ServiceTracker.java:959) [bundleFile:?]
	at org.apache.felix.scr.impl.manager.ServiceTracker$AbstractTracked.track(ServiceTracker.java:895) [bundleFile:?]
	at org.apache.felix.scr.impl.manager.ServiceTracker$Tracked.serviceChanged(ServiceTracker.java:1184) [bundleFile:?]
	at org.apache.felix.scr.impl.BundleComponentActivator$ListenerInfo.serviceChanged(BundleComponentActivator.java:116) [bundleFile:?]
	at org.eclipse.osgi.internal.serviceregistry.FilteredServiceListener.serviceChanged(FilteredServiceListener.java:123) [org.eclipse.osgi-3.18.0.jar:?]
	at org.eclipse.osgi.internal.framework.BundleContextImpl.dispatchEvent(BundleContextImpl.java:961) [org.eclipse.osgi-3.18.0.jar:?]
	at org.eclipse.osgi.framework.eventmgr.EventManager.dispatchEvent(EventManager.java:234) [org.eclipse.osgi-3.18.0.jar:?]
	at org.eclipse.osgi.framework.eventmgr.ListenerQueue.dispatchEventSynchronous(ListenerQueue.java:151) [org.eclipse.osgi-3.18.0.jar:?]
	at org.eclipse.osgi.internal.serviceregistry.ServiceRegistry.publishServiceEventPrivileged(ServiceRegistry.java:937) [org.eclipse.osgi-3.18.0.jar:?]
	at org.eclipse.osgi.internal.serviceregistry.ServiceRegistry.publishServiceEvent(ServiceRegistry.java:874) [org.eclipse.osgi-3.18.0.jar:?]
	at org.eclipse.osgi.internal.serviceregistry.ServiceRegistrationImpl.register(ServiceRegistrationImpl.java:141) [org.eclipse.osgi-3.18.0.jar:?]
	at org.eclipse.osgi.internal.serviceregistry.ServiceRegistry.registerService(ServiceRegistry.java:262) [org.eclipse.osgi-3.18.0.jar:?]
	at org.eclipse.osgi.internal.framework.BundleContextImpl.registerService(BundleContextImpl.java:500) [org.eclipse.osgi-3.18.0.jar:?]
	at org.apache.felix.scr.impl.manager.AbstractComponentManager$3.register(AbstractComponentManager.java:929) [bundleFile:?]
	at org.apache.felix.scr.impl.manager.AbstractComponentManager$3.register(AbstractComponentManager.java:915) [bundleFile:?]
	at org.apache.felix.scr.impl.manager.RegistrationManager.changeRegistration(RegistrationManager.java:133) [bundleFile:?]
	at org.apache.felix.scr.impl.manager.AbstractComponentManager.registerService(AbstractComponentManager.java:984) [bundleFile:?]
	at org.apache.felix.scr.impl.manager.AbstractComponentManager.activateInternal(AbstractComponentManager.java:752) [bundleFile:?]
	at org.apache.felix.scr.impl.manager.AbstractComponentManager.enableInternal(AbstractComponentManager.java:674) [bundleFile:?]
	at org.apache.felix.scr.impl.manager.AbstractComponentManager.enable(AbstractComponentManager.java:437) [bundleFile:?]
	at org.apache.felix.scr.impl.manager.ConfigurableComponentHolder.enableComponents(ConfigurableComponentHolder.java:671) [bundleFile:?]
	at org.apache.felix.scr.impl.BundleComponentActivator.initialEnable(BundleComponentActivator.java:310) [bundleFile:?]
	at org.apache.felix.scr.impl.Activator.loadComponents(Activator.java:593) [bundleFile:?]
	at org.apache.felix.scr.impl.Activator.access$200(Activator.java:74) [bundleFile:?]
	at org.apache.felix.scr.impl.Activator$ScrExtension.start(Activator.java:460) [bundleFile:?]
	at org.apache.felix.scr.impl.AbstractExtender.createExtension(AbstractExtender.java:196) [bundleFile:?]
	at org.apache.felix.scr.impl.AbstractExtender.modifiedBundle(AbstractExtender.java:169) [bundleFile:?]
	at org.apache.felix.scr.impl.AbstractExtender.modifiedBundle(AbstractExtender.java:49) [bundleFile:?]
	at org.osgi.util.tracker.BundleTracker$Tracked.customizerModified(BundleTracker.java:488) [osgi.core-8.0.0.jar:?]
	at org.osgi.util.tracker.BundleTracker$Tracked.customizerModified(BundleTracker.java:420) [osgi.core-8.0.0.jar:?]
	at org.osgi.util.tracker.AbstractTracked.track(AbstractTracked.java:232) [osgi.core-8.0.0.jar:?]
	at org.osgi.util.tracker.BundleTracker$Tracked.bundleChanged(BundleTracker.java:450) [osgi.core-8.0.0.jar:?]
	at org.eclipse.osgi.internal.framework.BundleContextImpl.dispatchEvent(BundleContextImpl.java:949) [org.eclipse.osgi-3.18.0.jar:?]
	at org.eclipse.osgi.framework.eventmgr.EventManager.dispatchEvent(EventManager.java:234) [org.eclipse.osgi-3.18.0.jar:?]
	at org.eclipse.osgi.framework.eventmgr.ListenerQueue.dispatchEventSynchronous(ListenerQueue.java:151) [org.eclipse.osgi-3.18.0.jar:?]
	at org.eclipse.osgi.internal.framework.EquinoxEventPublisher.publishBundleEventPrivileged(EquinoxEventPublisher.java:229) [org.eclipse.osgi-3.18.0.jar:?]
	at org.eclipse.osgi.internal.framework.EquinoxEventPublisher.publishBundleEvent(EquinoxEventPublisher.java:138) [org.eclipse.osgi-3.18.0.jar:?]
	at org.eclipse.osgi.internal.framework.EquinoxEventPublisher.publishBundleEvent(EquinoxEventPublisher.java:130) [org.eclipse.osgi-3.18.0.jar:?]
	at org.eclipse.osgi.internal.framework.EquinoxContainerAdaptor.publishModuleEvent(EquinoxContainerAdaptor.java:217) [org.eclipse.osgi-3.18.0.jar:?]
	at org.eclipse.osgi.container.Module.publishEvent(Module.java:499) [org.eclipse.osgi-3.18.0.jar:?]
	at org.eclipse.osgi.container.Module.start(Module.java:486) [org.eclipse.osgi-3.18.0.jar:?]
	at org.eclipse.osgi.container.ModuleContainer$ContainerStartLevel$2.run(ModuleContainer.java:1847) [org.eclipse.osgi-3.18.0.jar:?]
	at org.eclipse.osgi.internal.framework.EquinoxContainerAdaptor$1$1.execute(EquinoxContainerAdaptor.java:136) [org.eclipse.osgi-3.18.0.jar:?]
	at org.eclipse.osgi.container.ModuleContainer$ContainerStartLevel.incStartLevel(ModuleContainer.java:1840) [org.eclipse.osgi-3.18.0.jar:?]
	at org.eclipse.osgi.container.ModuleContainer$ContainerStartLevel.incStartLevel(ModuleContainer.java:1783) [org.eclipse.osgi-3.18.0.jar:?]
	at org.eclipse.osgi.container.ModuleContainer$ContainerStartLevel.doContainerStartLevel(ModuleContainer.java:1745) [org.eclipse.osgi-3.18.0.jar:?]
	at org.eclipse.osgi.container.ModuleContainer$ContainerStartLevel.dispatchEvent(ModuleContainer.java:1667) [org.eclipse.osgi-3.18.0.jar:?]
	at org.eclipse.osgi.container.ModuleContainer$ContainerStartLevel.dispatchEvent(ModuleContainer.java:1) [org.eclipse.osgi-3.18.0.jar:?]
	at org.eclipse.osgi.framework.eventmgr.EventManager.dispatchEvent(EventManager.java:234) [org.eclipse.osgi-3.18.0.jar:?]
	at org.eclipse.osgi.framework.eventmgr.EventManager$EventThread.run(EventManager.java:345) [org.eclipse.osgi-3.18.0.jar:?]
2026-02-18 17:25:22.100 [WARN ] [b.client.internal.InfluxDBClientImpl] - The exception occurs during check instance readiness
com.influxdb.exceptions.InfluxException: influxdb
	at com.influxdb.internal.AbstractRestClient.execute(AbstractRestClient.java:87) ~[?:?]
	at com.influxdb.client.internal.InfluxDBClientImpl.ready(InfluxDBClientImpl.java:291) ~[?:?]
	at org.openhab.persistence.influxdb.internal.influx2.InfluxDB2RepositoryImpl.checkConnectionStatus(InfluxDB2RepositoryImpl.java:121) ~[?:?]
	at org.openhab.persistence.influxdb.internal.influx2.InfluxDB2RepositoryImpl.connect(InfluxDB2RepositoryImpl.java:104) ~[?:?]
	at org.openhab.persistence.influxdb.InfluxDBPersistenceService.<init>(InfluxDBPersistenceService.java:127) ~[?:?]
	at jdk.internal.reflect.DirectConstructorHandleAccessor.newInstance(DirectConstructorHandleAccessor.java:62) ~[?:?]
	at java.lang.reflect.Constructor.newInstanceWithCaller(Constructor.java:502) ~[?:?]
	at java.lang.reflect.Constructor.newInstance(Constructor.java:486) ~[?:?]
	at org.apache.felix.scr.impl.inject.internal.ComponentConstructorImpl.newInstance(ComponentConstructorImpl.java:326) ~[?:?]
	at org.apache.felix.scr.impl.manager.SingleComponentManager.createImplementationObject(SingleComponentManager.java:286) ~[?:?]
	at org.apache.felix.scr.impl.manager.SingleComponentManager.createComponent(SingleComponentManager.java:115) ~[?:?]
	at org.apache.felix.scr.impl.manager.SingleComponentManager.getService(SingleComponentManager.java:1002) ~[?:?]
	at org.apache.felix.scr.impl.manager.SingleComponentManager.getServiceInternal(SingleComponentManager.java:975) ~[?:?]
	at org.apache.felix.scr.impl.manager.SingleComponentManager.getService(SingleComponentManager.java:920) ~[?:?]
	at org.eclipse.osgi.internal.serviceregistry.ServiceFactoryUse$1.run(ServiceFactoryUse.java:220) ~[org.eclipse.osgi-3.18.0.jar:?]
	at java.security.AccessController.doPrivileged(AccessController.java:319) [?:?]
	at org.eclipse.osgi.internal.serviceregistry.ServiceFactoryUse.factoryGetService(ServiceFactoryUse.java:217) [org.eclipse.osgi-3.18.0.jar:?]
	at org.eclipse.osgi.internal.serviceregistry.ServiceFactoryUse.getService(ServiceFactoryUse.java:118) [org.eclipse.osgi-3.18.0.jar:?]
	at org.eclipse.osgi.internal.serviceregistry.ServiceConsumer$2.getService(ServiceConsumer.java:48) [org.eclipse.osgi-3.18.0.jar:?]
	at org.eclipse.osgi.internal.serviceregistry.ServiceRegistrationImpl.getService(ServiceRegistrationImpl.java:547) [org.eclipse.osgi-3.18.0.jar:?]
	at org.eclipse.osgi.internal.serviceregistry.ServiceRegistry.getService(ServiceRegistry.java:534) [org.eclipse.osgi-3.18.0.jar:?]
	at org.eclipse.osgi.internal.framework.BundleContextImpl.getService(BundleContextImpl.java:660) [org.eclipse.osgi-3.18.0.jar:?]
	at org.apache.felix.scr.impl.manager.SingleRefPair.getServiceObject(SingleRefPair.java:88) [bundleFile:?]
	at org.apache.felix.scr.impl.inject.methods.BindMethod.getServiceObject(BindMethod.java:675) [bundleFile:?]
	at org.apache.felix.scr.impl.manager.DependencyManager.getServiceObject(DependencyManager.java:2612) [bundleFile:?]
	at org.apache.felix.scr.impl.manager.DependencyManager.doInvokeBindMethod(DependencyManager.java:2078) [bundleFile:?]
	at org.apache.felix.scr.impl.manager.DependencyManager.invokeBindMethod(DependencyManager.java:2061) [bundleFile:?]
	at org.apache.felix.scr.impl.manager.SingleComponentManager.invokeBindMethod(SingleComponentManager.java:443) [bundleFile:?]
	at org.apache.felix.scr.impl.manager.DependencyManager$MultipleDynamicCustomizer.addedService(DependencyManager.java:336) [bundleFile:?]
	at org.apache.felix.scr.impl.manager.DependencyManager$MultipleDynamicCustomizer.addedService(DependencyManager.java:304) [bundleFile:?]
	at org.apache.felix.scr.impl.manager.ServiceTracker$Tracked.customizerAdded(ServiceTracker.java:1232) [bundleFile:?]
	at org.apache.felix.scr.impl.manager.ServiceTracker$Tracked.customizerAdded(ServiceTracker.java:1152) [bundleFile:?]
	at org.apache.felix.scr.impl.manager.ServiceTracker$AbstractTracked.trackAdding(ServiceTracker.java:959) [bundleFile:?]
	at org.apache.felix.scr.impl.manager.ServiceTracker$AbstractTracked.track(ServiceTracker.java:895) [bundleFile:?]
	at org.apache.felix.scr.impl.manager.ServiceTracker$Tracked.serviceChanged(ServiceTracker.java:1184) [bundleFile:?]
	at org.apache.felix.scr.impl.BundleComponentActivator$ListenerInfo.serviceChanged(BundleComponentActivator.java:116) [bundleFile:?]
	at org.eclipse.osgi.internal.serviceregistry.FilteredServiceListener.serviceChanged(FilteredServiceListener.java:123) [org.eclipse.osgi-3.18.0.jar:?]
	at org.eclipse.osgi.internal.framework.BundleContextImpl.dispatchEvent(BundleContextImpl.java:961) [org.eclipse.osgi-3.18.0.jar:?]
	at org.eclipse.osgi.framework.eventmgr.EventManager.dispatchEvent(EventManager.java:234) [org.eclipse.osgi-3.18.0.jar:?]
	at org.eclipse.osgi.framework.eventmgr.ListenerQueue.dispatchEventSynchronous(ListenerQueue.java:151) [org.eclipse.osgi-3.18.0.jar:?]
	at org.eclipse.osgi.internal.serviceregistry.ServiceRegistry.publishServiceEventPrivileged(ServiceRegistry.java:937) [org.eclipse.osgi-3.18.0.jar:?]
	at org.eclipse.osgi.internal.serviceregistry.ServiceRegistry.publishServiceEvent(ServiceRegistry.java:874) [org.eclipse.osgi-3.18.0.jar:?]
	at org.eclipse.osgi.internal.serviceregistry.ServiceRegistrationImpl.register(ServiceRegistrationImpl.java:141) [org.eclipse.osgi-3.18.0.jar:?]
	at org.eclipse.osgi.internal.serviceregistry.ServiceRegistry.registerService(ServiceRegistry.java:262) [org.eclipse.osgi-3.18.0.jar:?]
	at org.eclipse.osgi.internal.framework.BundleContextImpl.registerService(BundleContextImpl.java:500) [org.eclipse.osgi-3.18.0.jar:?]
	at org.apache.felix.scr.impl.manager.AbstractComponentManager$3.register(AbstractComponentManager.java:929) [bundleFile:?]
	at org.apache.felix.scr.impl.manager.AbstractComponentManager$3.register(AbstractComponentManager.java:915) [bundleFile:?]
	at org.apache.felix.scr.impl.manager.RegistrationManager.changeRegistration(RegistrationManager.java:133) [bundleFile:?]
	at org.apache.felix.scr.impl.manager.AbstractComponentManager.registerService(AbstractComponentManager.java:984) [bundleFile:?]
	at org.apache.felix.scr.impl.manager.AbstractComponentManager.activateInternal(AbstractComponentManager.java:752) [bundleFile:?]
	at org.apache.felix.scr.impl.manager.DependencyManager$SingleStaticCustomizer.addedService(DependencyManager.java:1274) [bundleFile:?]
	at org.apache.felix.scr.impl.manager.DependencyManager$SingleStaticCustomizer.addedService(DependencyManager.java:1225) [bundleFile:?]
	at org.apache.felix.scr.impl.manager.ServiceTracker$Tracked.customizerAdded(ServiceTracker.java:1232) [bundleFile:?]
	at org.apache.felix.scr.impl.manager.ServiceTracker$Tracked.customizerAdded(ServiceTracker.java:1152) [bundleFile:?]
	at org.apache.felix.scr.impl.manager.ServiceTracker$AbstractTracked.trackAdding(ServiceTracker.java:959) [bundleFile:?]
	at org.apache.felix.scr.impl.manager.ServiceTracker$AbstractTracked.track(ServiceTracker.java:895) [bundleFile:?]
	at org.apache.felix.scr.impl.manager.ServiceTracker$Tracked.serviceChanged(ServiceTracker.java:1184) [bundleFile:?]
	at org.apache.felix.scr.impl.BundleComponentActivator$ListenerInfo.serviceChanged(BundleComponentActivator.java:116) [bundleFile:?]
	at org.eclipse.osgi.internal.serviceregistry.FilteredServiceListener.serviceChanged(FilteredServiceListener.java:123) [org.eclipse.osgi-3.18.0.jar:?]
	at org.eclipse.osgi.internal.framework.BundleContextImpl.dispatchEvent(BundleContextImpl.java:961) [org.eclipse.osgi-3.18.0.jar:?]
	at org.eclipse.osgi.framework.eventmgr.EventManager.dispatchEvent(EventManager.java:234) [org.eclipse.osgi-3.18.0.jar:?]
	at org.eclipse.osgi.framework.eventmgr.ListenerQueue.dispatchEventSynchronous(ListenerQueue.java:151) [org.eclipse.osgi-3.18.0.jar:?]
	at org.eclipse.osgi.internal.serviceregistry.ServiceRegistry.publishServiceEventPrivileged(ServiceRegistry.java:937) [org.eclipse.osgi-3.18.0.jar:?]
	at org.eclipse.osgi.internal.serviceregistry.ServiceRegistry.publishServiceEvent(ServiceRegistry.java:874) [org.eclipse.osgi-3.18.0.jar:?]
	at org.eclipse.osgi.internal.serviceregistry.ServiceRegistrationImpl.register(ServiceRegistrationImpl.java:141) [org.eclipse.osgi-3.18.0.jar:?]
	at org.eclipse.osgi.internal.serviceregistry.ServiceRegistry.registerService(ServiceRegistry.java:262) [org.eclipse.osgi-3.18.0.jar:?]
	at org.eclipse.osgi.internal.framework.BundleContextImpl.registerService(BundleContextImpl.java:500) [org.eclipse.osgi-3.18.0.jar:?]
	at org.apache.felix.scr.impl.manager.AbstractComponentManager$3.register(AbstractComponentManager.java:929) [bundleFile:?]
	at org.apache.felix.scr.impl.manager.AbstractComponentManager$3.register(AbstractComponentManager.java:915) [bundleFile:?]
	at org.apache.felix.scr.impl.manager.RegistrationManager.changeRegistration(RegistrationManager.java:133) [bundleFile:?]
	at org.apache.felix.scr.impl.manager.AbstractComponentManager.registerService(AbstractComponentManager.java:984) [bundleFile:?]
	at org.apache.felix.scr.impl.manager.AbstractComponentManager.activateInternal(AbstractComponentManager.java:752) [bundleFile:?]
	at org.apache.felix.scr.impl.manager.AbstractComponentManager.enableInternal(AbstractComponentManager.java:674) [bundleFile:?]
	at org.apache.felix.scr.impl.manager.AbstractComponentManager.enable(AbstractComponentManager.java:437) [bundleFile:?]
	at org.apache.felix.scr.impl.manager.ConfigurableComponentHolder.enableComponents(ConfigurableComponentHolder.java:671) [bundleFile:?]
	at org.apache.felix.scr.impl.BundleComponentActivator.initialEnable(BundleComponentActivator.java:310) [bundleFile:?]
	at org.apache.felix.scr.impl.Activator.loadComponents(Activator.java:593) [bundleFile:?]
	at org.apache.felix.scr.impl.Activator.access$200(Activator.java:74) [bundleFile:?]
	at org.apache.felix.scr.impl.Activator$ScrExtension.start(Activator.java:460) [bundleFile:?]
	at org.apache.felix.scr.impl.AbstractExtender.createExtension(AbstractExtender.java:196) [bundleFile:?]
	at org.apache.felix.scr.impl.AbstractExtender.modifiedBundle(AbstractExtender.java:169) [bundleFile:?]
	at org.apache.felix.scr.impl.AbstractExtender.modifiedBundle(AbstractExtender.java:49) [bundleFile:?]
	at org.osgi.util.tracker.BundleTracker$Tracked.customizerModified(BundleTracker.java:488) [osgi.core-8.0.0.jar:?]
	at org.osgi.util.tracker.BundleTracker$Tracked.customizerModified(BundleTracker.java:420) [osgi.core-8.0.0.jar:?]
	at org.osgi.util.tracker.AbstractTracked.track(AbstractTracked.java:232) [osgi.core-8.0.0.jar:?]
	at org.osgi.util.tracker.BundleTracker$Tracked.bundleChanged(BundleTracker.java:450) [osgi.core-8.0.0.jar:?]
	at org.eclipse.osgi.internal.framework.BundleContextImpl.dispatchEvent(BundleContextImpl.java:949) [org.eclipse.osgi-3.18.0.jar:?]
	at org.eclipse.osgi.framework.eventmgr.EventManager.dispatchEvent(EventManager.java:234) [org.eclipse.osgi-3.18.0.jar:?]
	at org.eclipse.osgi.framework.eventmgr.ListenerQueue.dispatchEventSynchronous(ListenerQueue.java:151) [org.eclipse.osgi-3.18.0.jar:?]
	at org.eclipse.osgi.internal.framework.EquinoxEventPublisher.publishBundleEventPrivileged(EquinoxEventPublisher.java:229) [org.eclipse.osgi-3.18.0.jar:?]
	at org.eclipse.osgi.internal.framework.EquinoxEventPublisher.publishBundleEvent(EquinoxEventPublisher.java:138) [org.eclipse.osgi-3.18.0.jar:?]
	at org.eclipse.osgi.internal.framework.EquinoxEventPublisher.publishBundleEvent(EquinoxEventPublisher.java:130) [org.eclipse.osgi-3.18.0.jar:?]
	at org.eclipse.osgi.internal.framework.EquinoxContainerAdaptor.publishModuleEvent(EquinoxContainerAdaptor.java:217) [org.eclipse.osgi-3.18.0.jar:?]
	at org.eclipse.osgi.container.Module.publishEvent(Module.java:499) [org.eclipse.osgi-3.18.0.jar:?]
	at org.eclipse.osgi.container.Module.start(Module.java:486) [org.eclipse.osgi-3.18.0.jar:?]
	at org.eclipse.osgi.container.ModuleContainer$ContainerStartLevel$2.run(ModuleContainer.java:1847) [org.eclipse.osgi-3.18.0.jar:?]
	at org.eclipse.osgi.internal.framework.EquinoxContainerAdaptor$1$1.execute(EquinoxContainerAdaptor.java:136) [org.eclipse.osgi-3.18.0.jar:?]
	at org.eclipse.osgi.container.ModuleContainer$ContainerStartLevel.incStartLevel(ModuleContainer.java:1840) [org.eclipse.osgi-3.18.0.jar:?]
	at org.eclipse.osgi.container.ModuleContainer$ContainerStartLevel.incStartLevel(ModuleContainer.java:1783) [org.eclipse.osgi-3.18.0.jar:?]
	at org.eclipse.osgi.container.ModuleContainer$ContainerStartLevel.doContainerStartLevel(ModuleContainer.java:1745) [org.eclipse.osgi-3.18.0.jar:?]
	at org.eclipse.osgi.container.ModuleContainer$ContainerStartLevel.dispatchEvent(ModuleContainer.java:1667) [org.eclipse.osgi-3.18.0.jar:?]
	at org.eclipse.osgi.container.ModuleContainer$ContainerStartLevel.dispatchEvent(ModuleContainer.java:1) [org.eclipse.osgi-3.18.0.jar:?]
	at org.eclipse.osgi.framework.eventmgr.EventManager.dispatchEvent(EventManager.java:234) [org.eclipse.osgi-3.18.0.jar:?]
	at org.eclipse.osgi.framework.eventmgr.EventManager$EventThread.run(EventManager.java:345) [org.eclipse.osgi-3.18.0.jar:?]
Caused by: java.net.UnknownHostException: influxdb
	at java.net.InetAddress$CachedLookup.get(InetAddress.java:988) ~[?:?]
	at java.net.InetAddress.getAllByName0(InetAddress.java:1818) ~[?:?]
	at java.net.InetAddress.getAllByName(InetAddress.java:1688) ~[?:?]
	at okhttp3.Dns$Companion$DnsSystem.lookup(Dns.kt:49) ~[?:?]
	at okhttp3.internal.connection.RouteSelector.resetNextInetSocketAddress(RouteSelector.kt:169) ~[?:?]
	at okhttp3.internal.connection.RouteSelector.nextProxy(RouteSelector.kt:131) ~[?:?]
	at okhttp3.internal.connection.RouteSelector.next(RouteSelector.kt:73) ~[?:?]
	at okhttp3.internal.connection.ExchangeFinder.findConnection(ExchangeFinder.kt:205) ~[?:?]
	at okhttp3.internal.connection.ExchangeFinder.findHealthyConnection(ExchangeFinder.kt:106) ~[?:?]
	at okhttp3.internal.connection.ExchangeFinder.find(ExchangeFinder.kt:74) ~[?:?]
	at okhttp3.internal.connection.RealCall.initExchange$okhttp(RealCall.kt:255) ~[?:?]
	at okhttp3.internal.connection.ConnectInterceptor.intercept(ConnectInterceptor.kt:32) ~[?:?]
	at okhttp3.internal.http.RealInterceptorChain.proceed(RealInterceptorChain.kt:109) ~[?:?]
	at okhttp3.internal.cache.CacheInterceptor.intercept(CacheInterceptor.kt:95) ~[?:?]
	at okhttp3.internal.http.RealInterceptorChain.proceed(RealInterceptorChain.kt:109) ~[?:?]
	at okhttp3.internal.http.BridgeInterceptor.intercept(BridgeInterceptor.kt:83) ~[?:?]
	at okhttp3.internal.http.RealInterceptorChain.proceed(RealInterceptorChain.kt:109) ~[?:?]
	at okhttp3.internal.http.RetryAndFollowUpInterceptor.intercept(RetryAndFollowUpInterceptor.kt:76) ~[?:?]
	at okhttp3.internal.http.RealInterceptorChain.proceed(RealInterceptorChain.kt:109) ~[?:?]
	at com.influxdb.client.internal.GzipInterceptor.intercept(GzipInterceptor.java:91) ~[?:?]
	at okhttp3.internal.http.RealInterceptorChain.proceed(RealInterceptorChain.kt:109) ~[?:?]
	at okhttp3.logging.HttpLoggingInterceptor.intercept(HttpLoggingInterceptor.kt:154) ~[?:?]
	at okhttp3.internal.http.RealInterceptorChain.proceed(RealInterceptorChain.kt:109) ~[?:?]
	at com.influxdb.client.internal.AuthenticateInterceptor.intercept(AuthenticateInterceptor.java:103) ~[?:?]
	at okhttp3.internal.http.RealInterceptorChain.proceed(RealInterceptorChain.kt:109) ~[?:?]
	at com.influxdb.internal.UserAgentInterceptor.intercept(UserAgentInterceptor.java:60) ~[?:?]
	at okhttp3.internal.http.RealInterceptorChain.proceed(RealInterceptorChain.kt:109) ~[?:?]
	at okhttp3.internal.connection.RealCall.getResponseWithInterceptorChain$okhttp(RealCall.kt:201) ~[?:?]
	at okhttp3.internal.connection.RealCall.execute(RealCall.kt:154) ~[?:?]
	at retrofit2.OkHttpCall.execute(OkHttpCall.java:207) ~[?:?]
	at com.influxdb.internal.AbstractRestClient.execute(AbstractRestClient.java:79) ~[?:?]
	... 103 more
2026-02-18 17:25:22.105 [WARN ] [influxdb.internal.AbstractRestClient] - Ping request wasn't successful
java.net.UnknownHostException: influxdb
	at java.net.InetAddress$CachedLookup.get(InetAddress.java:988) ~[?:?]
	at java.net.InetAddress.getAllByName0(InetAddress.java:1818) ~[?:?]
	at java.net.InetAddress.getAllByName(InetAddress.java:1688) ~[?:?]
	at okhttp3.Dns$Companion$DnsSystem.lookup(Dns.kt:49) ~[?:?]
	at okhttp3.internal.connection.RouteSelector.resetNextInetSocketAddress(RouteSelector.kt:169) ~[?:?]
	at okhttp3.internal.connection.RouteSelector.nextProxy(RouteSelector.kt:131) ~[?:?]
	at okhttp3.internal.connection.RouteSelector.next(RouteSelector.kt:73) ~[?:?]
	at okhttp3.internal.connection.ExchangeFinder.findConnection(ExchangeFinder.kt:205) ~[?:?]
	at okhttp3.internal.connection.ExchangeFinder.findHealthyConnection(ExchangeFinder.kt:106) ~[?:?]
	at okhttp3.internal.connection.ExchangeFinder.find(ExchangeFinder.kt:74) ~[?:?]
	at okhttp3.internal.connection.RealCall.initExchange$okhttp(RealCall.kt:255) ~[?:?]
	at okhttp3.internal.connection.ConnectInterceptor.intercept(ConnectInterceptor.kt:32) ~[?:?]
	at okhttp3.internal.http.RealInterceptorChain.proceed(RealInterceptorChain.kt:109) ~[?:?]
	at okhttp3.internal.cache.CacheInterceptor.intercept(CacheInterceptor.kt:95) ~[?:?]
	at okhttp3.internal.http.RealInterceptorChain.proceed(RealInterceptorChain.kt:109) ~[?:?]
	at okhttp3.internal.http.BridgeInterceptor.intercept(BridgeInterceptor.kt:83) ~[?:?]
	at okhttp3.internal.http.RealInterceptorChain.proceed(RealInterceptorChain.kt:109) ~[?:?]
	at okhttp3.internal.http.RetryAndFollowUpInterceptor.intercept(RetryAndFollowUpInterceptor.kt:76) ~[?:?]
	at okhttp3.internal.http.RealInterceptorChain.proceed(RealInterceptorChain.kt:109) ~[?:?]
	at com.influxdb.client.internal.GzipInterceptor.intercept(GzipInterceptor.java:91) ~[?:?]
	at okhttp3.internal.http.RealInterceptorChain.proceed(RealInterceptorChain.kt:109) ~[?:?]
	at okhttp3.logging.HttpLoggingInterceptor.intercept(HttpLoggingInterceptor.kt:154) ~[?:?]
	at okhttp3.internal.http.RealInterceptorChain.proceed(RealInterceptorChain.kt:109) ~[?:?]
	at com.influxdb.client.internal.AuthenticateInterceptor.intercept(AuthenticateInterceptor.java:103) ~[?:?]
	at okhttp3.internal.http.RealInterceptorChain.proceed(RealInterceptorChain.kt:109) ~[?:?]
	at com.influxdb.internal.UserAgentInterceptor.intercept(UserAgentInterceptor.java:60) ~[?:?]
	at okhttp3.internal.http.RealInterceptorChain.proceed(RealInterceptorChain.kt:109) ~[?:?]
	at okhttp3.internal.connection.RealCall.getResponseWithInterceptorChain$okhttp(RealCall.kt:201) ~[?:?]
	at okhttp3.internal.connection.RealCall.execute(RealCall.kt:154) ~[?:?]
	at retrofit2.OkHttpCall.execute(OkHttpCall.java:207) ~[?:?]
	at com.influxdb.internal.AbstractRestClient.ping(AbstractRestClient.java:194) ~[?:?]
	at com.influxdb.client.internal.InfluxDBClientImpl.ping(InfluxDBClientImpl.java:277) ~[?:?]
	at org.openhab.persistence.influxdb.internal.influx2.InfluxDB2RepositoryImpl.checkConnectionStatus(InfluxDB2RepositoryImpl.java:127) ~[?:?]
	at org.openhab.persistence.influxdb.internal.influx2.InfluxDB2RepositoryImpl.connect(InfluxDB2RepositoryImpl.java:104) ~[?:?]
	at org.openhab.persistence.influxdb.InfluxDBPersistenceService.<init>(InfluxDBPersistenceService.java:127) ~[?:?]
	at jdk.internal.reflect.DirectConstructorHandleAccessor.newInstance(DirectConstructorHandleAccessor.java:62) ~[?:?]
	at java.lang.reflect.Constructor.newInstanceWithCaller(Constructor.java:502) ~[?:?]
	at java.lang.reflect.Constructor.newInstance(Constructor.java:486) ~[?:?]
	at org.apache.felix.scr.impl.inject.internal.ComponentConstructorImpl.newInstance(ComponentConstructorImpl.java:326) ~[?:?]
	at org.apache.felix.scr.impl.manager.SingleComponentManager.createImplementationObject(SingleComponentManager.java:286) ~[?:?]
	at org.apache.felix.scr.impl.manager.SingleComponentManager.createComponent(SingleComponentManager.java:115) ~[?:?]
	at org.apache.felix.scr.impl.manager.SingleComponentManager.getService(SingleComponentManager.java:1002) ~[?:?]
	at org.apache.felix.scr.impl.manager.SingleComponentManager.getServiceInternal(SingleComponentManager.java:975) ~[?:?]
	at org.apache.felix.scr.impl.manager.SingleComponentManager.getService(SingleComponentManager.java:920) ~[?:?]
	at org.eclipse.osgi.internal.serviceregistry.ServiceFactoryUse$1.run(ServiceFactoryUse.java:220) ~[org.eclipse.osgi-3.18.0.jar:?]
	at java.security.AccessController.doPrivileged(AccessController.java:319) [?:?]
	at org.eclipse.osgi.internal.serviceregistry.ServiceFactoryUse.factoryGetService(ServiceFactoryUse.java:217) [org.eclipse.osgi-3.18.0.jar:?]
	at org.eclipse.osgi.internal.serviceregistry.ServiceFactoryUse.getService(ServiceFactoryUse.java:118) [org.eclipse.osgi-3.18.0.jar:?]
	at org.eclipse.osgi.internal.serviceregistry.ServiceConsumer$2.getService(ServiceConsumer.java:48) [org.eclipse.osgi-3.18.0.jar:?]
	at org.eclipse.osgi.internal.serviceregistry.ServiceRegistrationImpl.getService(ServiceRegistrationImpl.java:547) [org.eclipse.osgi-3.18.0.jar:?]
	at org.eclipse.osgi.internal.serviceregistry.ServiceRegistry.getService(ServiceRegistry.java:534) [org.eclipse.osgi-3.18.0.jar:?]
	at org.eclipse.osgi.internal.framework.BundleContextImpl.getService(BundleContextImpl.java:660) [org.eclipse.osgi-3.18.0.jar:?]
	at org.apache.felix.scr.impl.manager.SingleRefPair.getServiceObject(SingleRefPair.java:88) [bundleFile:?]
	at org.apache.felix.scr.impl.inject.methods.BindMethod.getServiceObject(BindMethod.java:675) [bundleFile:?]
	at org.apache.felix.scr.impl.manager.DependencyManager.getServiceObject(DependencyManager.java:2612) [bundleFile:?]
	at org.apache.felix.scr.impl.manager.DependencyManager.doInvokeBindMethod(DependencyManager.java:2078) [bundleFile:?]
	at org.apache.felix.scr.impl.manager.DependencyManager.invokeBindMethod(DependencyManager.java:2061) [bundleFile:?]
	at org.apache.felix.scr.impl.manager.SingleComponentManager.invokeBindMethod(SingleComponentManager.java:443) [bundleFile:?]
	at org.apache.felix.scr.impl.manager.DependencyManager$MultipleDynamicCustomizer.addedService(DependencyManager.java:336) [bundleFile:?]
	at org.apache.felix.scr.impl.manager.DependencyManager$MultipleDynamicCustomizer.addedService(DependencyManager.java:304) [bundleFile:?]
	at org.apache.felix.scr.impl.manager.ServiceTracker$Tracked.customizerAdded(ServiceTracker.java:1232) [bundleFile:?]
	at org.apache.felix.scr.impl.manager.ServiceTracker$Tracked.customizerAdded(ServiceTracker.java:1152) [bundleFile:?]
	at org.apache.felix.scr.impl.manager.ServiceTracker$AbstractTracked.trackAdding(ServiceTracker.java:959) [bundleFile:?]
	at org.apache.felix.scr.impl.manager.ServiceTracker$AbstractTracked.track(ServiceTracker.java:895) [bundleFile:?]
	at org.apache.felix.scr.impl.manager.ServiceTracker$Tracked.serviceChanged(ServiceTracker.java:1184) [bundleFile:?]
	at org.apache.felix.scr.impl.BundleComponentActivator$ListenerInfo.serviceChanged(BundleComponentActivator.java:116) [bundleFile:?]
	at org.eclipse.osgi.internal.serviceregistry.FilteredServiceListener.serviceChanged(FilteredServiceListener.java:123) [org.eclipse.osgi-3.18.0.jar:?]
	at org.eclipse.osgi.internal.framework.BundleContextImpl.dispatchEvent(BundleContextImpl.java:961) [org.eclipse.osgi-3.18.0.jar:?]
	at org.eclipse.osgi.framework.eventmgr.EventManager.dispatchEvent(EventManager.java:234) [org.eclipse.osgi-3.18.0.jar:?]
	at org.eclipse.osgi.framework.eventmgr.ListenerQueue.dispatchEventSynchronous(ListenerQueue.java:151) [org.eclipse.osgi-3.18.0.jar:?]
	at org.eclipse.osgi.internal.serviceregistry.ServiceRegistry.publishServiceEventPrivileged(ServiceRegistry.java:937) [org.eclipse.osgi-3.18.0.jar:?]
	at org.eclipse.osgi.internal.serviceregistry.ServiceRegistry.publishServiceEvent(ServiceRegistry.java:874) [org.eclipse.osgi-3.18.0.jar:?]
	at org.eclipse.osgi.internal.serviceregistry.ServiceRegistrationImpl.register(ServiceRegistrationImpl.java:141) [org.eclipse.osgi-3.18.0.jar:?]
	at org.eclipse.osgi.internal.serviceregistry.ServiceRegistry.registerService(ServiceRegistry.java:262) [org.eclipse.osgi-3.18.0.jar:?]
	at org.eclipse.osgi.internal.framework.BundleContextImpl.registerService(BundleContextImpl.java:500) [org.eclipse.osgi-3.18.0.jar:?]
	at org.apache.felix.scr.impl.manager.AbstractComponentManager$3.register(AbstractComponentManager.java:929) [bundleFile:?]
	at org.apache.felix.scr.impl.manager.AbstractComponentManager$3.register(AbstractComponentManager.java:915) [bundleFile:?]
	at org.apache.felix.scr.impl.manager.RegistrationManager.changeRegistration(RegistrationManager.java:133) [bundleFile:?]
	at org.apache.felix.scr.impl.manager.AbstractComponentManager.registerService(AbstractComponentManager.java:984) [bundleFile:?]
	at org.apache.felix.scr.impl.manager.AbstractComponentManager.activateInternal(AbstractComponentManager.java:752) [bundleFile:?]
	at org.apache.felix.scr.impl.manager.DependencyManager$SingleStaticCustomizer.addedService(DependencyManager.java:1274) [bundleFile:?]
	at org.apache.felix.scr.impl.manager.DependencyManager$SingleStaticCustomizer.addedService(DependencyManager.java:1225) [bundleFile:?]
	at org.apache.felix.scr.impl.manager.ServiceTracker$Tracked.customizerAdded(ServiceTracker.java:1232) [bundleFile:?]
	at org.apache.felix.scr.impl.manager.ServiceTracker$Tracked.customizerAdded(ServiceTracker.java:1152) [bundleFile:?]
	at org.apache.felix.scr.impl.manager.ServiceTracker$AbstractTracked.trackAdding(ServiceTracker.java:959) [bundleFile:?]
	at org.apache.felix.scr.impl.manager.ServiceTracker$AbstractTracked.track(ServiceTracker.java:895) [bundleFile:?]
	at org.apache.felix.scr.impl.manager.ServiceTracker$Tracked.serviceChanged(ServiceTracker.java:1184) [bundleFile:?]
	at org.apache.felix.scr.impl.BundleComponentActivator$ListenerInfo.serviceChanged(BundleComponentActivator.java:116) [bundleFile:?]
	at org.eclipse.osgi.internal.serviceregistry.FilteredServiceListener.serviceChanged(FilteredServiceListener.java:123) [org.eclipse.osgi-3.18.0.jar:?]
	at org.eclipse.osgi.internal.framework.BundleContextImpl.dispatchEvent(BundleContextImpl.java:961) [org.eclipse.osgi-3.18.0.jar:?]
	at org.eclipse.osgi.framework.eventmgr.EventManager.dispatchEvent(EventManager.java:234) [org.eclipse.osgi-3.18.0.jar:?]
	at org.eclipse.osgi.framework.eventmgr.ListenerQueue.dispatchEventSynchronous(ListenerQueue.java:151) [org.eclipse.osgi-3.18.0.jar:?]
	at org.eclipse.osgi.internal.serviceregistry.ServiceRegistry.publishServiceEventPrivileged(ServiceRegistry.java:937) [org.eclipse.osgi-3.18.0.jar:?]
	at org.eclipse.osgi.internal.serviceregistry.ServiceRegistry.publishServiceEvent(ServiceRegistry.java:874) [org.eclipse.osgi-3.18.0.jar:?]
	at org.eclipse.osgi.internal.serviceregistry.ServiceRegistrationImpl.register(ServiceRegistrationImpl.java:141) [org.eclipse.osgi-3.18.0.jar:?]
	at org.eclipse.osgi.internal.serviceregistry.ServiceRegistry.registerService(ServiceRegistry.java:262) [org.eclipse.osgi-3.18.0.jar:?]
	at org.eclipse.osgi.internal.framework.BundleContextImpl.registerService(BundleContextImpl.java:500) [org.eclipse.osgi-3.18.0.jar:?]
	at org.apache.felix.scr.impl.manager.AbstractComponentManager$3.register(AbstractComponentManager.java:929) [bundleFile:?]
	at org.apache.felix.scr.impl.manager.AbstractComponentManager$3.register(AbstractComponentManager.java:915) [bundleFile:?]
	at org.apache.felix.scr.impl.manager.RegistrationManager.changeRegistration(RegistrationManager.java:133) [bundleFile:?]
	at org.apache.felix.scr.impl.manager.AbstractComponentManager.registerService(AbstractComponentManager.java:984) [bundleFile:?]
	at org.apache.felix.scr.impl.manager.AbstractComponentManager.activateInternal(AbstractComponentManager.java:752) [bundleFile:?]
	at org.apache.felix.scr.impl.manager.AbstractComponentManager.enableInternal(AbstractComponentManager.java:674) [bundleFile:?]
	at org.apache.felix.scr.impl.manager.AbstractComponentManager.enable(AbstractComponentManager.java:437) [bundleFile:?]
	at org.apache.felix.scr.impl.manager.ConfigurableComponentHolder.enableComponents(ConfigurableComponentHolder.java:671) [bundleFile:?]
	at org.apache.felix.scr.impl.BundleComponentActivator.initialEnable(BundleComponentActivator.java:310) [bundleFile:?]
	at org.apache.felix.scr.impl.Activator.loadComponents(Activator.java:593) [bundleFile:?]
	at org.apache.felix.scr.impl.Activator.access$200(Activator.java:74) [bundleFile:?]
	at org.apache.felix.scr.impl.Activator$ScrExtension.start(Activator.java:460) [bundleFile:?]
	at org.apache.felix.scr.impl.AbstractExtender.createExtension(AbstractExtender.java:196) [bundleFile:?]
	at org.apache.felix.scr.impl.AbstractExtender.modifiedBundle(AbstractExtender.java:169) [bundleFile:?]
	at org.apache.felix.scr.impl.AbstractExtender.modifiedBundle(AbstractExtender.java:49) [bundleFile:?]
	at org.osgi.util.tracker.BundleTracker$Tracked.customizerModified(BundleTracker.java:488) [osgi.core-8.0.0.jar:?]
	at org.osgi.util.tracker.BundleTracker$Tracked.customizerModified(BundleTracker.java:420) [osgi.core-8.0.0.jar:?]
	at org.osgi.util.tracker.AbstractTracked.track(AbstractTracked.java:232) [osgi.core-8.0.0.jar:?]
	at org.osgi.util.tracker.BundleTracker$Tracked.bundleChanged(BundleTracker.java:450) [osgi.core-8.0.0.jar:?]
	at org.eclipse.osgi.internal.framework.BundleContextImpl.dispatchEvent(BundleContextImpl.java:949) [org.eclipse.osgi-3.18.0.jar:?]
	at org.eclipse.osgi.framework.eventmgr.EventManager.dispatchEvent(EventManager.java:234) [org.eclipse.osgi-3.18.0.jar:?]
	at org.eclipse.osgi.framework.eventmgr.ListenerQueue.dispatchEventSynchronous(ListenerQueue.java:151) [org.eclipse.osgi-3.18.0.jar:?]
	at org.eclipse.osgi.internal.framework.EquinoxEventPublisher.publishBundleEventPrivileged(EquinoxEventPublisher.java:229) [org.eclipse.osgi-3.18.0.jar:?]
	at org.eclipse.osgi.internal.framework.EquinoxEventPublisher.publishBundleEvent(EquinoxEventPublisher.java:138) [org.eclipse.osgi-3.18.0.jar:?]
	at org.eclipse.osgi.internal.framework.EquinoxEventPublisher.publishBundleEvent(EquinoxEventPublisher.java:130) [org.eclipse.osgi-3.18.0.jar:?]
	at org.eclipse.osgi.internal.framework.EquinoxContainerAdaptor.publishModuleEvent(EquinoxContainerAdaptor.java:217) [org.eclipse.osgi-3.18.0.jar:?]
	at org.eclipse.osgi.container.Module.publishEvent(Module.java:499) [org.eclipse.osgi-3.18.0.jar:?]
	at org.eclipse.osgi.container.Module.start(Module.java:486) [org.eclipse.osgi-3.18.0.jar:?]
	at org.eclipse.osgi.container.ModuleContainer$ContainerStartLevel$2.run(ModuleContainer.java:1847) [org.eclipse.osgi-3.18.0.jar:?]
	at org.eclipse.osgi.internal.framework.EquinoxContainerAdaptor$1$1.execute(EquinoxContainerAdaptor.java:136) [org.eclipse.osgi-3.18.0.jar:?]
	at org.eclipse.osgi.container.ModuleContainer$ContainerStartLevel.incStartLevel(ModuleContainer.java:1840) [org.eclipse.osgi-3.18.0.jar:?]
	at org.eclipse.osgi.container.ModuleContainer$ContainerStartLevel.incStartLevel(ModuleContainer.java:1783) [org.eclipse.osgi-3.18.0.jar:?]
	at org.eclipse.osgi.container.ModuleContainer$ContainerStartLevel.doContainerStartLevel(ModuleContainer.java:1745) [org.eclipse.osgi-3.18.0.jar:?]
	at org.eclipse.osgi.container.ModuleContainer$ContainerStartLevel.dispatchEvent(ModuleContainer.java:1667) [org.eclipse.osgi-3.18.0.jar:?]
	at org.eclipse.osgi.container.ModuleContainer$ContainerStartLevel.dispatchEvent(ModuleContainer.java:1) [org.eclipse.osgi-3.18.0.jar:?]
	at org.eclipse.osgi.framework.eventmgr.EventManager.dispatchEvent(EventManager.java:234) [org.eclipse.osgi-3.18.0.jar:?]
	at org.eclipse.osgi.framework.eventmgr.EventManager$EventThread.run(EventManager.java:345) [org.eclipse.osgi-3.18.0.jar:?]
2026-02-18 17:25:22.109 [WARN ] [rnal.influx2.InfluxDB2RepositoryImpl] - database not ready
2026-02-18 17:25:22.111 [INFO ] [.influxdb.InfluxDBPersistenceService] - InfluxDB persistence service started.
2026-02-18 17:25:26.555 [INFO ] [e.automation.internal.RuleEngineImpl] - Rule engine started.
2026-02-18 17:25:27.341 [INFO ] [ort.loader.AbstractScriptFileWatcher] - (Re-)Loading script '/openhab/conf/automation/js/grid_cep.js'
2026-02-18 17:25:27.603 [INFO ] [omation.jsscripting.openhab-js.rules] - Adding rule: CEP: Peak Demand & Stability Detection
2026-02-18 17:25:27.657 [INFO ] [ort.loader.AbstractScriptFileWatcher] - (Re-)Loading script '/openhab/conf/automation/js/grid_emergency.js'
2026-02-18 17:25:27.819 [INFO ] [omation.jsscripting.openhab-js.rules] - Adding rule: Emergency Control Handler
2026-02-18 17:25:27.824 [INFO ] [ort.loader.AbstractScriptFileWatcher] - (Re-)Loading script '/openhab/conf/automation/js/grid_stream.js'
2026-02-18 17:25:27.914 [INFO ] [omation.jsscripting.openhab-js.rules] - Adding rule: Grid Data Stream
2026-02-18 17:26:13.710 [ERROR] [n.jsscripting.file.grid_emergency.js] - !!! EMERGENCY SHUTDOWN !!!
2026-02-18 17:26:15.124 [INFO ] [n.jsscripting.file.grid_emergency.js] - --- RECOVERY STARTING ---
2026-02-18 19:08:09.813 [ERROR] [n.jsscripting.file.grid_emergency.js] - !!! EMERGENCY SHUTDOWN !!!
2026-02-18 19:08:11.736 [INFO ] [n.jsscripting.file.grid_emergency.js] - --- RECOVERY STARTING ---
2026-02-18 19:14:52.036 [INFO ] [n.jsscripting.file.grid_emergency.js] - --- RECOVERY STARTING ---
2026-02-18 19:17:18.493 [ERROR] [n.jsscripting.file.grid_emergency.js] - !!! EMERGENCY SHUTDOWN !!!
2026-02-18 19:17:22.690 [INFO ] [n.jsscripting.file.grid_emergency.js] - --- RECOVERY STARTING ---
2026-02-18 19:17:51.622 [ERROR] [n.jsscripting.file.grid_emergency.js] - !!! EMERGENCY SHUTDOWN !!!
2026-02-18 19:20:34.782 [INFO ] [n.jsscripting.file.grid_emergency.js] - --- RECOVERY STARTING ---
2026-02-18 19:20:43.087 [ERROR] [n.jsscripting.file.grid_emergency.js] - !!! EMERGENCY SHUTDOWN !!!
2026-02-18 19:20:43.607 [INFO ] [n.jsscripting.file.grid_emergency.js] - --- RECOVERY STARTING ---
2026-02-18 19:24:09.384 [INFO ] [n.jsscripting.file.grid_emergency.js] - --- RECOVERY STARTING ---
2026-02-18 19:26:28.324 [INFO ] [n.jsscripting.file.grid_emergency.js] - --- RECOVERY STARTING ---
2026-02-18 19:26:34.994 [INFO ] [n.jsscripting.file.grid_emergency.js] - --- RECOVERY STARTING ---
2026-02-18 19:26:36.490 [ERROR] [n.jsscripting.file.grid_emergency.js] - !!! EMERGENCY SHUTDOWN !!!
2026-02-18 19:26:44.886 [INFO ] [n.jsscripting.file.grid_emergency.js] - --- RECOVERY STARTING ---
2026-02-18 19:28:20.728 [ERROR] [n.jsscripting.file.grid_emergency.js] - !!! EMERGENCY SHUTDOWN !!!
2026-02-18 19:28:23.537 [INFO ] [n.jsscripting.file.grid_emergency.js] - --- RECOVERY STARTING ---
2026-02-18 19:28:47.214 [INFO ] [n.jsscripting.file.grid_emergency.js] - --- RECOVERY STARTING ---
